Using pre-set license
Built from '2022.3/staging' branch; Version is '2022.3.6f1 (b9e6e7e9fa2d) revision 12183271'; Using compiler version '192829333'; Build Type 'Release'
OS: 'Windows 10  (10.0.19045) 64bit Enterprise' Language: 'en' Physical Memory: 7888 MB
BatchMode: 1, IsHumanControllingUs: 0, StartBugReporterOnCrash: 0, Is64bit: 1, IsPro: 1

COMMAND LINE ARGUMENTS:
C:\Program Files (x86)\2022.3.6f1\Editor\Unity.exe
-adb2
-batchMode
-noUpm
-name
AssetImportWorker0
-projectPath
C:/Users/ThinkPad-User/Unity/Sky-Shield Defenders
-logFile
Logs/AssetImportWorker0.log
-srvPort
54655
Successfully changed project path to: C:/Users/ThinkPad-User/Unity/Sky-Shield Defenders
C:/Users/ThinkPad-User/Unity/Sky-Shield Defenders
[UnityMemory] Configuration Parameters - Can be set up in boot.config
    "memorysetup-bucket-allocator-granularity=16"
    "memorysetup-bucket-allocator-bucket-count=8"
    "memorysetup-bucket-allocator-block-size=33554432"
    "memorysetup-bucket-allocator-block-count=8"
    "memorysetup-main-allocator-block-size=16777216"
    "memorysetup-thread-allocator-block-size=16777216"
    "memorysetup-gfx-main-allocator-block-size=16777216"
    "memorysetup-gfx-thread-allocator-block-size=16777216"
    "memorysetup-cache-allocator-block-size=4194304"
    "memorysetup-typetree-allocator-block-size=2097152"
    "memorysetup-profiler-bucket-allocator-granularity=16"
    "memorysetup-profiler-bucket-allocator-bucket-count=8"
    "memorysetup-profiler-bucket-allocator-block-size=33554432"
    "memorysetup-profiler-bucket-allocator-block-count=8"
    "memorysetup-profiler-allocator-block-size=16777216"
    "memorysetup-profiler-editor-allocator-block-size=1048576"
    "memorysetup-temp-allocator-size-main=16777216"
    "memorysetup-job-temp-allocator-block-size=2097152"
    "memorysetup-job-temp-allocator-block-size-background=1048576"
    "memorysetup-job-temp-allocator-reduction-small-platforms=262144"
    "memorysetup-allocator-temp-initial-block-size-main=262144"
    "memorysetup-allocator-temp-initial-block-size-worker=262144"
    "memorysetup-temp-allocator-size-background-worker=32768"
    "memorysetup-temp-allocator-size-job-worker=262144"
    "memorysetup-temp-allocator-size-preload-manager=33554432"
    "memorysetup-temp-allocator-size-nav-mesh-worker=65536"
    "memorysetup-temp-allocator-size-audio-worker=65536"
    "memorysetup-temp-allocator-size-cloud-worker=32768"
    "memorysetup-temp-allocator-size-gi-baking-worker=262144"
    "memorysetup-temp-allocator-size-gfx=262144"
Player connection [11068] Host "[IP] 192.168.100.11 [Port] 0 [Flags] 2 [Guid] 3995039950 [EditorId] 3995039950 [Version] 1048832 [Id] WindowsEditor(7,T450) [Debug] 1 [PackageName] WindowsEditor [ProjectName] Editor" joined multi-casting on [225.0.0.222:54997]...

Player connection [11068] Host "[IP] 192.168.100.11 [Port] 0 [Flags] 2 [Guid] 3995039950 [EditorId] 3995039950 [Version] 1048832 [Id] WindowsEditor(7,T450) [Debug] 1 [PackageName] WindowsEditor [ProjectName] Editor" joined alternative multi-casting on [225.0.0.222:34997]...

Refreshing native plugins compatible for Editor in 284.16 ms, found 3 plugins.
Preloading 0 native plugins for Editor in 0.00 ms.
Initialize engine version: 2022.3.6f1 (b9e6e7e9fa2d)
[Subsystems] Discovering subsystems at path C:/Program Files (x86)/2022.3.6f1/Editor/Data/Resources/UnitySubsystems
[Subsystems] Discovering subsystems at path C:/Users/ThinkPad-User/Unity/Sky-Shield Defenders/Assets
GfxDevice: creating device client; threaded=0; jobified=0
Direct3D:
    Version:  Direct3D 11.0 [level 11.1]
    Renderer: Intel(R) HD Graphics 5500 (ID=0x1616)
    Vendor:   Intel
    VRAM:     3944 MB
    Driver:   20.19.15.4963
Initialize mono
Mono path[0] = 'C:/Program Files (x86)/2022.3.6f1/Editor/Data/Managed'
Mono path[1] = 'C:/Program Files (x86)/2022.3.6f1/Editor/Data/MonoBleedingEdge/lib/mono/unityjit-win32'
Mono config path = 'C:/Program Files (x86)/2022.3.6f1/Editor/Data/MonoBleedingEdge/etc'
Using monoOptions --debugger-agent=transport=dt_socket,embedding=1,server=y,suspend=n,address=127.0.0.1:56604
Begin MonoManager ReloadAssembly
Registering precompiled unity dll's ...
Register platform support module: C:/Program Files (x86)/2022.3.6f1/Editor/Data/PlaybackEngines/AndroidPlayer/UnityEditor.Android.Extensions.dll
Register platform support module: C:/Program Files (x86)/2022.3.6f1/Editor/Data/PlaybackEngines/WindowsStandaloneSupport/UnityEditor.WindowsStandalone.Extensions.dll
Registered in 0.031869 seconds.
- Loaded All Assemblies, in  1.233 seconds
Native extension for WindowsStandalone target not found
Native extension for Android target not found
Android Extension - Scanning For ADB Devices 930 ms
Mono: successfully reloaded assembly
- Finished resetting the current domain, in  2.017 seconds
Domain Reload Profiling: 3245ms
	BeginReloadAssembly (394ms)
		ExecutionOrderSort (0ms)
		DisableScriptedObjects (0ms)
		BackupInstance (0ms)
		ReleaseScriptingObjects (0ms)
		CreateAndSetChildDomain (3ms)
	RebuildCommonClasses (108ms)
	RebuildNativeTypeToScriptingClass (28ms)
	initialDomainReloadingComplete (226ms)
	LoadAllAssembliesAndSetupDomain (468ms)
		LoadAssemblies (391ms)
		RebuildTransferFunctionScriptingTraits (0ms)
		AnalyzeDomain (445ms)
			TypeCache.Refresh (441ms)
				TypeCache.ScanAssembly (401ms)
			ScanForSourceGeneratedMonoScriptInfo (2ms)
			ResolveRequiredComponents (1ms)
	FinalizeReload (2019ms)
		ReleaseScriptCaches (0ms)
		RebuildScriptCaches (0ms)
		SetupLoadedEditorAssemblies (1834ms)
			LogAssemblyErrors (0ms)
			InitializePlatformSupportModulesInManaged (1277ms)
			SetLoadedEditorAssemblies (12ms)
			RefreshPlugins (0ms)
			BeforeProcessingInitializeOnLoad (9ms)
			ProcessInitializeOnLoadAttributes (355ms)
			ProcessInitializeOnLoadMethodAttributes (181ms)
			AfterProcessingInitializeOnLoad (0ms)
			EditorAssembliesLoaded (0ms)
		ExecutionOrderSort2 (0ms)
		AwakeInstancesAfterBackupRestoration (0ms)
========================================================================
Worker process is ready to serve import requests
Begin MonoManager ReloadAssembly
Symbol file LoadedFromMemory doesn't match image C:\Users\ThinkPad-User\Unity\Sky-Shield Defenders\Library\PackageCache\com.unity.visualscripting@1.8.0\Editor\VisualScripting.Core\Dependencies\YamlDotNet\Unity.VisualScripting.YamlDotNet.dll
Symbol file LoadedFromMemory doesn't match image C:\Users\ThinkPad-User\Unity\Sky-Shield Defenders\Library\PackageCache\com.unity.visualscripting@1.8.0\Editor\VisualScripting.Core\Dependencies\DotNetZip\Unity.VisualScripting.IonicZip.dll
- Loaded All Assemblies, in  2.626 seconds
Refreshing native plugins compatible for Editor in 14.20 ms, found 3 plugins.
Native extension for WindowsStandalone target not found
Native extension for Android target not found
Mono: successfully reloaded assembly
- Finished resetting the current domain, in  2.362 seconds
Domain Reload Profiling: 4981ms
	BeginReloadAssembly (484ms)
		ExecutionOrderSort (0ms)
		DisableScriptedObjects (19ms)
		BackupInstance (0ms)
		ReleaseScriptingObjects (0ms)
		CreateAndSetChildDomain (66ms)
	RebuildCommonClasses (112ms)
	RebuildNativeTypeToScriptingClass (31ms)
	initialDomainReloadingComplete (155ms)
	LoadAllAssembliesAndSetupDomain (1836ms)
		LoadAssemblies (1132ms)
		RebuildTransferFunctionScriptingTraits (0ms)
		AnalyzeDomain (964ms)
			TypeCache.Refresh (914ms)
				TypeCache.ScanAssembly (876ms)
			ScanForSourceGeneratedMonoScriptInfo (38ms)
			ResolveRequiredComponents (12ms)
	FinalizeReload (2363ms)
		ReleaseScriptCaches (0ms)
		RebuildScriptCaches (0ms)
		SetupLoadedEditorAssemblies (1853ms)
			LogAssemblyErrors (0ms)
			InitializePlatformSupportModulesInManaged (76ms)
			SetLoadedEditorAssemblies (10ms)
			RefreshPlugins (0ms)
			BeforeProcessingInitializeOnLoad (169ms)
			ProcessInitializeOnLoadAttributes (1489ms)
			ProcessInitializeOnLoadMethodAttributes (83ms)
			AfterProcessingInitializeOnLoad (26ms)
			EditorAssembliesLoaded (0ms)
		ExecutionOrderSort2 (0ms)
		AwakeInstancesAfterBackupRestoration (20ms)
Launched and connected shader compiler UnityShaderCompiler.exe after 0.24 seconds
Refreshing native plugins compatible for Editor in 31.75 ms, found 3 plugins.
Preloading 0 native plugins for Editor in 0.00 ms.
Unloading 3118 Unused Serialized files (Serialized files now loaded: 0)
Unloading 33 unused Assets / (56.7 KB). Loaded Objects now: 3584.
Memory consumption went from 122.8 MB to 122.8 MB.
Total: 10.305400 ms (FindLiveObjects: 0.348500 ms CreateObjectMapping: 0.378700 ms MarkObjects: 9.378500 ms  DeleteObjects: 0.197200 ms)

AssetImportParameters requested are different than current active one (requested -> active):
  custom:container-demuxer-ogg: 62fdf1f143b41e24485cea50d1cbac27 -> 
  custom:video-decoder-ogg-theora: a1e56fd34408186e4bbccfd4996cb3dc -> 
  custom:framework-win-MediaFoundation: 216162199b28c13a410421893ffa2e32 -> 
  custom:CustomObjectIndexerAttribute: 756ad292c208cfabdd7b50bc23989ffe -> 
  custom:container-demuxer-webm: 4f35f7cbe854078d1ac9338744f61a02 -> 
  custom:container-muxer-webm: aa71ff27fc2769a1b78a27578f13a17b -> 
  custom:video-decoder-webm-vp8: 9c59270c3fd7afecdb556c50c9e8de78 -> 
  custom:SearchIndexIgnoredProperties: e643bd26f0fe6173181afceb89e7c659 -> 
  custom:AudioImporter_EditorPlatform: d09bf68614088b80899f8185d706f6e7 -> 
  custom:video-encoder-webm-vp8: eb34c28f22e8b96e1ab97ce403110664 -> 
  custom:audio-decoder-ogg-vorbis: bf7c407c2cedff20999df2af8eb42d56 -> 
  custom:audio-encoder-webm-vorbis: bf7c407c2cedff20999df2af8eb42d56 -> 
========================================================================
Received Import Request.
  Time since last request: 185547.166234 seconds.
  path: Assets/BOXOPHOBIC/Skybox Cubemap Extended/Core/Editor/Boxophobic.SkyboxCubemapExtended.Editor.asmdef
  artifactKey: Guid(29bc400970c5066438cbde7676418b75) Importer(815301076,1909f56bfc062723c751e8b465ee728b)
Start importing Assets/BOXOPHOBIC/Skybox Cubemap Extended/Core/Editor/Boxophobic.SkyboxCubemapExtended.Editor.asmdef using Guid(29bc400970c5066438cbde7676418b75) Importer(815301076,1909f56bfc062723c751e8b465ee728b)  -> (artifact id: 'f0f3f8b6be7a479c8195ec66014a65c0') in 0.006381 seconds
Number of updated asset objects reloaded before import = 0
Number of asset objects unloaded after import = 0
========================================================================
Received Import Request.
  Time since last request: 0.000120 seconds.
  path: Assets/BOXOPHOBIC/Skybox Cubemap Extended/Core/Functions/Compute Rotation Y.asset
  artifactKey: Guid(693b7d13a80c93a4e8b791a9cd5e5ab2) Importer(815301076,1909f56bfc062723c751e8b465ee728b)
Start importing Assets/BOXOPHOBIC/Skybox Cubemap Extended/Core/Functions/Compute Rotation Y.asset using Guid(693b7d13a80c93a4e8b791a9cd5e5ab2) Importer(815301076,1909f56bfc062723c751e8b465ee728b)  -> (artifact id: 'cba424d5b8ff3f31815b1a10fcfc630f') in 0.004976 seconds
Number of updated asset objects reloaded before import = 0
Number of asset objects unloaded after import = 1
========================================================================
Received Import Request.
  Time since last request: 0.000043 seconds.
  path: Assets/BOXOPHOBIC/Skybox Cubemap Extended/Core/Editor/Version.asset
  artifactKey: Guid(cb530898cc05d744da0941d6160f7b92) Importer(815301076,1909f56bfc062723c751e8b465ee728b)
Start importing Assets/BOXOPHOBIC/Skybox Cubemap Extended/Core/Editor/Version.asset using Guid(cb530898cc05d744da0941d6160f7b92) Importer(815301076,1909f56bfc062723c751e8b465ee728b)  -> (artifact id: 'd4ceea6e2b98699784ed75b507bcd037') in 0.022749 seconds
Number of updated asset objects reloaded before import = 0
Number of asset objects unloaded after import = 1
========================================================================
Received Prepare
Refreshing native plugins compatible for Editor in 11.99 ms, found 3 plugins.
Preloading 0 native plugins for Editor in 0.00 ms.
Unloading 0 Unused Serialized files (Serialized files now loaded: 0)
Unloading 1 unused Assets / (0.8 KB). Loaded Objects now: 3585.
Memory consumption went from 72.3 MB to 72.3 MB.
Total: 10.095600 ms (FindLiveObjects: 0.582000 ms CreateObjectMapping: 0.546600 ms MarkObjects: 8.928100 ms  DeleteObjects: 0.036700 ms)

Prepare: number of updated asset objects reloaded= 0
AssetImportParameters requested are different than current active one (requested -> active):
  custom:container-demuxer-ogg: 62fdf1f143b41e24485cea50d1cbac27 -> 
  custom:video-decoder-ogg-theora: a1e56fd34408186e4bbccfd4996cb3dc -> 
  custom:framework-win-MediaFoundation: 216162199b28c13a410421893ffa2e32 -> 
  custom:CustomObjectIndexerAttribute: 756ad292c208cfabdd7b50bc23989ffe -> 
  custom:container-demuxer-webm: 4f35f7cbe854078d1ac9338744f61a02 -> 
  custom:container-muxer-webm: aa71ff27fc2769a1b78a27578f13a17b -> 
  custom:video-decoder-webm-vp8: 9c59270c3fd7afecdb556c50c9e8de78 -> 
  custom:SearchIndexIgnoredProperties: e643bd26f0fe6173181afceb89e7c659 -> 
  custom:AudioImporter_EditorPlatform: d09bf68614088b80899f8185d706f6e7 -> 
  custom:video-encoder-webm-vp8: eb34c28f22e8b96e1ab97ce403110664 -> 
  custom:audio-decoder-ogg-vorbis: bf7c407c2cedff20999df2af8eb42d56 -> 
  custom:audio-encoder-webm-vorbis: bf7c407c2cedff20999df2af8eb42d56 -> 
========================================================================
Received Import Request.
  Time since last request: 1336.377468 seconds.
  path: Assets/assets/debris.fbx
  artifactKey: Guid(052a8a9476aa67746b6c20c010df15bb) Importer(815301076,1909f56bfc062723c751e8b465ee728b)
Start importing Assets/assets/debris.fbx using Guid(052a8a9476aa67746b6c20c010df15bb) Importer(815301076,1909f56bfc062723c751e8b465ee728b)  -> (artifact id: '1e2be21ef6bc0880c56d08ccbeddbff1') in 1.170970 seconds
Number of updated asset objects reloaded before import = 0
Number of asset objects unloaded after import = 23
========================================================================
Received Import Request.
  Time since last request: 0.000085 seconds.
  path: Assets/assets/pistols (2x fire perk).fbx
  artifactKey: Guid(da6c3893d5f28814096ac87505365b54) Importer(815301076,1909f56bfc062723c751e8b465ee728b)
Start importing Assets/assets/pistols (2x fire perk).fbx using Guid(da6c3893d5f28814096ac87505365b54) Importer(815301076,1909f56bfc062723c751e8b465ee728b)  -> (artifact id: 'df9a41abf1d686699fb2816e9f829264') in 0.128839 seconds
Number of updated asset objects reloaded before import = 0
Number of asset objects unloaded after import = 33
========================================================================
Received Import Request.
  Time since last request: 0.000076 seconds.
  path: Assets/assets/grass.fbx
  artifactKey: Guid(26286518f7bd6c84a9ad6da628be8ff2) Importer(815301076,1909f56bfc062723c751e8b465ee728b)
Start importing Assets/assets/grass.fbx using Guid(26286518f7bd6c84a9ad6da628be8ff2) Importer(815301076,1909f56bfc062723c751e8b465ee728b)  -> (artifact id: '69ca52967e7af02548eb077dd62eff7b') in 0.338537 seconds
Number of updated asset objects reloaded before import = 0
Number of asset objects unloaded after import = 21
========================================================================
Received Import Request.
  Time since last request: 0.000043 seconds.
  path: Assets/assets/low poly mill.fbx
  artifactKey: Guid(52d0ebb9e17286a48b014f15ba355ac9) Importer(815301076,1909f56bfc062723c751e8b465ee728b)
Start importing Assets/assets/low poly mill.fbx using Guid(52d0ebb9e17286a48b014f15ba355ac9) Importer(815301076,1909f56bfc062723c751e8b465ee728b)  -> (artifact id: '8ddce0f8712f6c7c8086bc09b6af6388') in 0.283359 seconds
Number of updated asset objects reloaded before import = 0
Number of asset objects unloaded after import = 33
========================================================================
Received Import Request.
  Time since last request: 0.000111 seconds.
  path: Assets/assets/rocks (falling objects).fbx
  artifactKey: Guid(ec5e73d784f1af643ba1ef07d2adff59) Importer(815301076,1909f56bfc062723c751e8b465ee728b)
Start importing Assets/assets/rocks (falling objects).fbx using Guid(ec5e73d784f1af643ba1ef07d2adff59) Importer(815301076,1909f56bfc062723c751e8b465ee728b)  -> (artifact id: '22f85707dcf0d57db9f72063517ff368') in 0.110864 seconds
Number of updated asset objects reloaded before import = 0
Number of asset objects unloaded after import = 16
========================================================================
Received Import Request.
  Time since last request: 0.000083 seconds.
  path: Assets/assets/moon.fbx
  artifactKey: Guid(d29048ef941393f4491d47883723db9e) Importer(815301076,1909f56bfc062723c751e8b465ee728b)
Start importing Assets/assets/moon.fbx using Guid(d29048ef941393f4491d47883723db9e) Importer(815301076,1909f56bfc062723c751e8b465ee728b)  -> (artifact id: 'c3091e453678bfe47e36cffff00cb0f0') in 0.075867 seconds
Number of updated asset objects reloaded before import = 0
Number of asset objects unloaded after import = 7
========================================================================
Received Import Request.
  Time since last request: 0.000048 seconds.
  path: Assets/assets/full-body-cyberpunk-male.fbx
  artifactKey: Guid(55f7289c6cfc3e54da2031a7a4a43b31) Importer(815301076,1909f56bfc062723c751e8b465ee728b)
Start importing Assets/assets/full-body-cyberpunk-male.fbx using Guid(55f7289c6cfc3e54da2031a7a4a43b31) Importer(815301076,1909f56bfc062723c751e8b465ee728b)  -> (artifact id: '521188e7032bd9946eb5f77be1344276') in 0.653894 seconds
Number of updated asset objects reloaded before import = 0
Number of asset objects unloaded after import = 222
========================================================================
Received Import Request.
  Time since last request: 0.000042 seconds.
  path: Assets/assets/sharpshooter (2x fire perk spawn).fbx
  artifactKey: Guid(b7773333e625d2c4e85bda9e6ddf0339) Importer(815301076,1909f56bfc062723c751e8b465ee728b)
Start importing Assets/assets/sharpshooter (2x fire perk spawn).fbx using Guid(b7773333e625d2c4e85bda9e6ddf0339) Importer(815301076,1909f56bfc062723c751e8b465ee728b)  -> (artifact id: '01861bad629770c6b6bd03ec6559a8bd') in 0.107310 seconds
Number of updated asset objects reloaded before import = 0
Number of asset objects unloaded after import = 16
========================================================================
Received Import Request.
  Time since last request: 10.049421 seconds.
  path: Assets/assets/textures/03_-_Default_Base_Color.png
  artifactKey: Guid(aa67e30066f6daa4b9dfd02452eee2cf) Importer(815301076,1909f56bfc062723c751e8b465ee728b)
Start importing Assets/assets/textures/03_-_Default_Base_Color.png using Guid(aa67e30066f6daa4b9dfd02452eee2cf) Importer(815301076,1909f56bfc062723c751e8b465ee728b)  -> (artifact id: '71e097807a74fbb080806149ace57628') in 0.316773 seconds
Number of updated asset objects reloaded before import = 0
Number of asset objects unloaded after import = 2
========================================================================
Received Import Request.
  Time since last request: 0.000049 seconds.
  path: Assets/assets/textures/03_-_Default_Metallic.png
  artifactKey: Guid(80d338ae8fee15247baf2ce9e8b1cd6d) Importer(815301076,1909f56bfc062723c751e8b465ee728b)
Start importing Assets/assets/textures/03_-_Default_Metallic.png using Guid(80d338ae8fee15247baf2ce9e8b1cd6d) Importer(815301076,1909f56bfc062723c751e8b465ee728b)  -> (artifact id: 'e78b3929a056154222fa54d38caf216c') in 0.281867 seconds
Number of updated asset objects reloaded before import = 0
Number of asset objects unloaded after import = 2
========================================================================
Received Import Request.
  Time since last request: 0.000052 seconds.
  path: Assets/assets/textures/03_-_Default_Roughness.png
  artifactKey: Guid(48198c07c7962eb4fac7ff5613e6801a) Importer(815301076,1909f56bfc062723c751e8b465ee728b)
Start importing Assets/assets/textures/03_-_Default_Roughness.png using Guid(48198c07c7962eb4fac7ff5613e6801a) Importer(815301076,1909f56bfc062723c751e8b465ee728b)  -> (artifact id: '8de398f1a69223b8f4ea39158a46aeaf') in 0.298701 seconds
Number of updated asset objects reloaded before import = 0
Number of asset objects unloaded after import = 2
========================================================================
Received Import Request.
  Time since last request: 0.000432 seconds.
  path: Assets/assets/textures/03_-_Default_Mixed_AO.png
  artifactKey: Guid(e2be3cb9dc76c32408e600c05709101e) Importer(815301076,1909f56bfc062723c751e8b465ee728b)
Start importing Assets/assets/textures/03_-_Default_Mixed_AO.png using Guid(e2be3cb9dc76c32408e600c05709101e) Importer(815301076,1909f56bfc062723c751e8b465ee728b)  -> (artifact id: '115293e84dc3cc236f47a71f81488a26') in 0.276146 seconds
Number of updated asset objects reloaded before import = 0
Number of asset objects unloaded after import = 2
========================================================================
Received Import Request.
  Time since last request: 0.000054 seconds.
  path: Assets/assets/textures/03_-_Default_Normal_DirectX.png
  artifactKey: Guid(5e95eed816f6792429fc62bc5a16a212) Importer(815301076,1909f56bfc062723c751e8b465ee728b)
Start importing Assets/assets/textures/03_-_Default_Normal_DirectX.png using Guid(5e95eed816f6792429fc62bc5a16a212) Importer(815301076,1909f56bfc062723c751e8b465ee728b)  -> (artifact id: '5abb9da1ab2671dc8fef2d87aa38d88c') in 0.281635 seconds
Number of updated asset objects reloaded before import = 0
Number of asset objects unloaded after import = 2
========================================================================
Received Import Request.
  Time since last request: 2.194867 seconds.
  path: Assets/assets/source/bottle_05L_1_model.fbx
  artifactKey: Guid(f428ea968e0cb2e46bc9a36c85aa2515) Importer(815301076,1909f56bfc062723c751e8b465ee728b)
Start importing Assets/assets/source/bottle_05L_1_model.fbx using Guid(f428ea968e0cb2e46bc9a36c85aa2515) Importer(815301076,1909f56bfc062723c751e8b465ee728b)  -> (artifact id: '4a73412a39292d108773a66f923f76e4') in 0.082390 seconds
Number of updated asset objects reloaded before import = 0
Number of asset objects unloaded after import = 8
